SF:/Users/jorge/Desktop/Projects/Server/Swift/Test/Library/APIs/AuthenticationApi/Sources/AuthenticationRepository.swift
FN:69,$s17AuthenticationApi0A14RepositoryImplC28cognitoAuthenticatableClient12userDatabaseAC7Cognito0jfG0_p_9FluentKit0I0_ptcfc
FN:80,$s17AuthenticationApi0A14RepositoryImplC21confirmForgotPasswordyyAA07ConfirmfG10ParametersVYaKF
FN:100,$s17AuthenticationApi0A14RepositoryImplC13confirmSignUpyyAA07ConfirmfG10ParametersVYaKF
FN:116,$s17AuthenticationApi0A14RepositoryImplC6decodeyAA18AccessTokenPayloadVSSYaKF
FN:131,$s17AuthenticationApi0A14RepositoryImplC14forgotPassword5emailySS_tYaKF
FN:144,$s17AuthenticationApi0A14RepositoryImplC6signInyAA9AuthTokenVAA04SignF10ParametersVYaKF
FN:151,$s17AuthenticationApi0A14RepositoryImplC6signInyAA9AuthTokenVAA04SignF10ParametersVYaKFs5Error_pyXEfu_
FN:169,$s17AuthenticationApi0A14RepositoryImplC6signUpyyAA04SignF10ParametersVYaKF
FN:195,$s7Utility11ErrorReasonV17AuthenticationApiE10statusCode33_7ECB08403B848D6B3EE19A62B001EFEALL8NIOHTTP118HTTPResponseStatusOvg
FN:216,$ss5ErrorP17AuthenticationApiE07asAbortA033_7ECB08403B848D6B3EE19A62B001EFEALL7Utility06KountyeA0VyF
FNDA:0,$s17AuthenticationApi0A14RepositoryImplC28cognitoAuthenticatableClient12userDatabaseAC7Cognito0jfG0_p_9FluentKit0I0_ptcfc
FNDA:0,$s17AuthenticationApi0A14RepositoryImplC21confirmForgotPasswordyyAA07ConfirmfG10ParametersVYaKF
FNDA:0,$s17AuthenticationApi0A14RepositoryImplC13confirmSignUpyyAA07ConfirmfG10ParametersVYaKF
FNDA:0,$s17AuthenticationApi0A14RepositoryImplC6decodeyAA18AccessTokenPayloadVSSYaKF
FNDA:0,$s17AuthenticationApi0A14RepositoryImplC14forgotPassword5emailySS_tYaKF
FNDA:0,$s17AuthenticationApi0A14RepositoryImplC6signInyAA9AuthTokenVAA04SignF10ParametersVYaKF
FNDA:0,$s17AuthenticationApi0A14RepositoryImplC6signInyAA9AuthTokenVAA04SignF10ParametersVYaKFs5Error_pyXEfu_
FNDA:0,$s17AuthenticationApi0A14RepositoryImplC6signUpyyAA04SignF10ParametersVYaKF
FNDA:0,$s7Utility11ErrorReasonV17AuthenticationApiE10statusCode33_7ECB08403B848D6B3EE19A62B001EFEALL8NIOHTTP118HTTPResponseStatusOvg
FNDA:0,$ss5ErrorP17AuthenticationApiE07asAbortA033_7ECB08403B848D6B3EE19A62B001EFEALL7Utility06KountyeA0VyF
FNF:10
FNH:0
DA:69,0
DA:70,0
DA:71,0
DA:72,0
DA:80,0
DA:81,0
DA:82,0
DA:83,0
DA:84,0
DA:85,0
DA:86,0
DA:87,0
DA:88,0
DA:89,0
DA:90,0
DA:91,0
DA:92,0
DA:93,0
DA:94,0
DA:100,0
DA:101,0
DA:102,0
DA:103,0
DA:104,0
DA:105,0
DA:106,0
DA:107,0
DA:108,0
DA:109,0
DA:116,0
DA:117,0
DA:118,0
DA:119,0
DA:120,0
DA:121,0
DA:122,0
DA:123,0
DA:124,0
DA:131,0
DA:132,0
DA:133,0
DA:134,0
DA:135,0
DA:136,0
DA:137,0
DA:144,0
DA:145,0
DA:146,0
DA:147,0
DA:148,0
DA:149,0
DA:150,0
DA:151,0
DA:152,0
DA:153,0
DA:154,0
DA:155,0
DA:156,0
DA:157,0
DA:158,0
DA:159,0
DA:160,0
DA:161,0
DA:162,0
DA:169,0
DA:170,0
DA:171,0
DA:172,0
DA:173,0
DA:174,0
DA:175,0
DA:176,0
DA:177,0
DA:178,0
DA:179,0
DA:180,0
DA:181,0
DA:182,0
DA:183,0
DA:184,0
DA:185,0
DA:186,0
DA:187,0
DA:188,0
DA:189,0
DA:190,0
DA:195,0
DA:196,0
DA:197,0
DA:198,0
DA:199,0
DA:200,0
DA:201,0
DA:202,0
DA:203,0
DA:204,0
DA:205,0
DA:206,0
DA:207,0
DA:208,0
DA:209,0
DA:210,0
DA:211,0
DA:216,0
DA:217,0
DA:218,0
DA:219,0
DA:220,0
DA:221,0
DA:222,0
BRF:0
BRH:0
LF:111
LH:0
end_of_record
SF:/Users/jorge/Desktop/Projects/Server/Swift/Test/Library/APIs/AuthenticationApi/Sources/Parameters/ConfirmForgotPassword/ConfirmForgotPasswordParameters.swift
FN:27,$s17AuthenticationApi31ConfirmForgotPasswordParametersV11validationsyy5Vapor11ValidationsVzFZ
FNDA:0,$s17AuthenticationApi31ConfirmForgotPasswordParametersV11validationsyy5Vapor11ValidationsVzFZ
FNF:1
FNH:0
DA:27,0
DA:28,0
DA:29,0
DA:30,0
DA:31,0
DA:32,0
DA:33,0
DA:34,0
DA:35,0
DA:36,0
DA:37,0
DA:38,0
DA:39,0
DA:40,0
DA:41,0
DA:42,0
DA:43,0
DA:44,0
DA:45,0
DA:46,0
DA:47,0
DA:48,0
DA:49,0
DA:50,0
DA:51,0
DA:52,0
DA:53,0
DA:54,0
DA:55,0
BRF:0
BRH:0
LF:29
LH:0
end_of_record
SF:/Users/jorge/Desktop/Projects/Server/Swift/Test/Library/APIs/AuthenticationApi/Sources/Parameters/ForgotPassword/ForgotPasswordParameters.swift
FN:18,$s17AuthenticationApi24ForgotPasswordParametersV11validationsyy5Vapor11ValidationsVzFZ
FNDA:0,$s17AuthenticationApi24ForgotPasswordParametersV11validationsyy5Vapor11ValidationsVzFZ
FNF:1
FNH:0
DA:18,0
DA:19,0
DA:20,0
DA:21,0
DA:22,0
DA:23,0
DA:24,0
DA:25,0
BRF:0
BRH:0
LF:8
LH:0
end_of_record
SF:/Users/jorge/Desktop/Projects/Server/Swift/Test/Library/APIs/AuthenticationApi/Sources/Parameters/SignIn/SignInParameters.swift
FN:21,$s17AuthenticationApi16SignInParametersV11validationsyy5Vapor11ValidationsVzFZ
FNDA:2,$s17AuthenticationApi16SignInParametersV11validationsyy5Vapor11ValidationsVzFZ
FNF:1
FNH:1
DA:21,2
DA:22,2
DA:23,2
DA:24,2
DA:25,2
DA:26,2
DA:27,2
DA:28,2
DA:29,2
DA:30,2
DA:31,2
DA:32,2
DA:33,2
DA:34,2
DA:35,2
BRF:0
BRH:0
LF:15
LH:15
end_of_record
SF:/Users/jorge/Desktop/Projects/Server/Swift/Test/Library/APIs/AuthenticationApi/Sources/Parameters/SignUp/ConfirmSignUpParameters.swift
FN:21,$s17AuthenticationApi23ConfirmSignUpParametersV11validationsyy5Vapor11ValidationsVzFZ
FNDA:0,$s17AuthenticationApi23ConfirmSignUpParametersV11validationsyy5Vapor11ValidationsVzFZ
FNF:1
FNH:0
DA:21,0
DA:22,0
DA:23,0
DA:24,0
DA:25,0
DA:26,0
DA:27,0
DA:28,0
DA:29,0
DA:30,0
DA:31,0
DA:32,0
DA:33,0
DA:34,0
DA:35,0
BRF:0
BRH:0
LF:15
LH:0
end_of_record
SF:/Users/jorge/Desktop/Projects/Server/Swift/Test/Library/APIs/AuthenticationApi/Sources/Parameters/SignUp/SignUpParameters.swift
FN:33,$s17AuthenticationApi16SignUpParametersV11validationsyy5Vapor11ValidationsVzFZ
FNDA:0,$s17AuthenticationApi16SignUpParametersV11validationsyy5Vapor11ValidationsVzFZ
FNF:1
FNH:0
DA:33,0
DA:34,0
DA:35,0
DA:36,0
DA:37,0
DA:38,0
DA:39,0
DA:40,0
DA:41,0
DA:42,0
DA:43,0
DA:44,0
DA:45,0
DA:46,0
DA:47,0
DA:48,0
DA:49,0
DA:50,0
DA:51,0
DA:52,0
DA:53,0
DA:54,0
DA:55,0
DA:56,0
DA:57,0
DA:58,0
DA:59,0
DA:60,0
DA:61,0
DA:62,0
DA:63,0
DA:64,0
DA:65,0
DA:66,0
DA:67,0
DA:68,0
BRF:0
BRH:0
LF:36
LH:0
end_of_record
SF:/Users/jorge/Desktop/Projects/Server/Swift/Test/Library/APIs/AuthenticationApi/Sources/Validators/Password/PasswordValidatorResult.swift
FN:13,$s17AuthenticationApi23PasswordValidatorResultV9isFailureSbvg
FN:18,$s17AuthenticationApi23PasswordValidatorResultV18successDescriptionSSSgvg
FN:23,$s17AuthenticationApi23PasswordValidatorResultV18failureDescriptionSSSgvg
FN:30,$s5Vapor9ValidatorV17AuthenticationApiSSRszrlE15isValidPasswordACySSGvgZ
FN:31,$s5Vapor9ValidatorV17AuthenticationApiSSRszrlE15isValidPasswordACySSGvgZAA0B6Result_pSSYbcfU_
FNDA:0,$s17AuthenticationApi23PasswordValidatorResultV9isFailureSbvg
FNDA:0,$s17AuthenticationApi23PasswordValidatorResultV18successDescriptionSSSgvg
FNDA:0,$s17AuthenticationApi23PasswordValidatorResultV18failureDescriptionSSSgvg
FNDA:0,$s5Vapor9ValidatorV17AuthenticationApiSSRszrlE15isValidPasswordACySSGvgZ
FNDA:0,$s5Vapor9ValidatorV17AuthenticationApiSSRszrlE15isValidPasswordACySSGvgZAA0B6Result_pSSYbcfU_
FNF:5
FNH:0
DA:13,0
DA:14,0
DA:15,0
DA:18,0
DA:19,0
DA:20,0
DA:23,0
DA:24,0
DA:25,0
DA:30,0
DA:31,0
DA:32,0
DA:33,0
DA:34,0
DA:35,0
DA:36,0
DA:37,0
DA:38,0
DA:39,0
DA:40,0
DA:41,0
DA:42,0
DA:43,0
DA:44,0
BRF:0
BRH:0
LF:37
LH:0
end_of_record
SF:/Users/jorge/Desktop/Projects/Server/Swift/Test/Library/APIs/AuthenticationApi/Tests/AuthenticationRepositoryTests.swift
FN:21,$s22AuthenticationApiTests0a10RepositoryC0C56testThatConfirmForgotPasswordShouldPassCorrectParametersyyYaKF
FN:22,$s22AuthenticationApiTests0a10RepositoryC0C56testThatConfirmForgotPasswordShouldPassCorrectParametersyyYaKFSiyKXEfu_
FN:22,$s22AuthenticationApiTests0a10RepositoryC0C56testThatConfirmForgotPasswordShouldPassCorrectParametersyyYaKFSiyKXEfu0_
FNDA:1,$s22AuthenticationApiTests0a10RepositoryC0C56testThatConfirmForgotPasswordShouldPassCorrectParametersyyYaKF
FNDA:1,$s22AuthenticationApiTests0a10RepositoryC0C56testThatConfirmForgotPasswordShouldPassCorrectParametersyyYaKFSiyKXEfu_
FNDA:1,$s22AuthenticationApiTests0a10RepositoryC0C56testThatConfirmForgotPasswordShouldPassCorrectParametersyyYaKFSiyKXEfu0_
FNF:3
FNH:3
DA:21,1
DA:22,1
DA:23,1
BRF:0
BRH:0
LF:5
LH:5
end_of_record
SF:/Users/jorge/Desktop/Projects/Server/Swift/Test/Library/APIs/AuthenticationApi/Tests/Parameters/SignIn/SignInParametersTests.swift
FN:15,$s22AuthenticationApiTests016SignInParametersC0C024testThatValidatePassworddeF0yyKF
FN:33,$s22AuthenticationApiTests016SignInParametersC0C024testThatValidatePassworddeF0yyKF8NIOHTTP118HTTPResponseStatusOyKXEfu_
FN:33,$s22AuthenticationApiTests016SignInParametersC0C024testThatValidatePassworddeF0yyKF8NIOHTTP118HTTPResponseStatusOyKXEfu0_
FN:34,$s22AuthenticationApiTests016SignInParametersC0C024testThatValidatePassworddeF0yyKFSSyKXEfu1_
FN:34,$s22AuthenticationApiTests016SignInParametersC0C024testThatValidatePassworddeF0yyKFSSyKXEfu2_
FN:35,$s22AuthenticationApiTests016SignInParametersC0C024testThatValidatePassworddeF0yyKF5Vapor14BasicCodingKeyOSgyKXEfu3_
FN:35,$s22AuthenticationApiTests016SignInParametersC0C024testThatValidatePassworddeF0yyKF5Vapor14BasicCodingKeyOSgyKXEfu4_
FN:36,$s22AuthenticationApiTests016SignInParametersC0C024testThatValidatePassworddeF0yyKFSbyKXEfu5_
FN:39,$s22AuthenticationApiTests016SignInParametersC0C021testThatValidateEmaildeF0yyKF
FN:57,$s22AuthenticationApiTests016SignInParametersC0C021testThatValidateEmaildeF0yyKF8NIOHTTP118HTTPResponseStatusOyKXEfu_
FN:57,$s22AuthenticationApiTests016SignInParametersC0C021testThatValidateEmaildeF0yyKF8NIOHTTP118HTTPResponseStatusOyKXEfu0_
FN:58,$s22AuthenticationApiTests016SignInParametersC0C021testThatValidateEmaildeF0yyKFSSyKXEfu1_
FN:58,$s22AuthenticationApiTests016SignInParametersC0C021testThatValidateEmaildeF0yyKFSSyKXEfu2_
FN:59,$s22AuthenticationApiTests016SignInParametersC0C021testThatValidateEmaildeF0yyKF5Vapor14BasicCodingKeyOSgyKXEfu3_
FN:59,$s22AuthenticationApiTests016SignInParametersC0C021testThatValidateEmaildeF0yyKF5Vapor14BasicCodingKeyOSgyKXEfu4_
FN:60,$s22AuthenticationApiTests016SignInParametersC0C021testThatValidateEmaildeF0yyKFSbyKXEfu5_
FNDA:1,$s22AuthenticationApiTests016SignInParametersC0C024testThatValidatePassworddeF0yyKF
FNDA:1,$s22AuthenticationApiTests016SignInParametersC0C024testThatValidatePassworddeF0yyKF8NIOHTTP118HTTPResponseStatusOyKXEfu_
FNDA:1,$s22AuthenticationApiTests016SignInParametersC0C024testThatValidatePassworddeF0yyKF8NIOHTTP118HTTPResponseStatusOyKXEfu0_
FNDA:1,$s22AuthenticationApiTests016SignInParametersC0C024testThatValidatePassworddeF0yyKFSSyKXEfu1_
FNDA:1,$s22AuthenticationApiTests016SignInParametersC0C024testThatValidatePassworddeF0yyKFSSyKXEfu2_
FNDA:1,$s22AuthenticationApiTests016SignInParametersC0C024testThatValidatePassworddeF0yyKF5Vapor14BasicCodingKeyOSgyKXEfu3_
FNDA:1,$s22AuthenticationApiTests016SignInParametersC0C024testThatValidatePassworddeF0yyKF5Vapor14BasicCodingKeyOSgyKXEfu4_
FNDA:1,$s22AuthenticationApiTests016SignInParametersC0C024testThatValidatePassworddeF0yyKFSbyKXEfu5_
FNDA:1,$s22AuthenticationApiTests016SignInParametersC0C021testThatValidateEmaildeF0yyKF
FNDA:1,$s22AuthenticationApiTests016SignInParametersC0C021testThatValidateEmaildeF0yyKF8NIOHTTP118HTTPResponseStatusOyKXEfu_
FNDA:1,$s22AuthenticationApiTests016SignInParametersC0C021testThatValidateEmaildeF0yyKF8NIOHTTP118HTTPResponseStatusOyKXEfu0_
FNDA:1,$s22AuthenticationApiTests016SignInParametersC0C021testThatValidateEmaildeF0yyKFSSyKXEfu1_
FNDA:1,$s22AuthenticationApiTests016SignInParametersC0C021testThatValidateEmaildeF0yyKFSSyKXEfu2_
FNDA:1,$s22AuthenticationApiTests016SignInParametersC0C021testThatValidateEmaildeF0yyKF5Vapor14BasicCodingKeyOSgyKXEfu3_
FNDA:1,$s22AuthenticationApiTests016SignInParametersC0C021testThatValidateEmaildeF0yyKF5Vapor14BasicCodingKeyOSgyKXEfu4_
FNDA:1,$s22AuthenticationApiTests016SignInParametersC0C021testThatValidateEmaildeF0yyKFSbyKXEfu5_
FNF:16
FNH:16
DA:15,1
DA:16,1
DA:17,1
DA:18,1
DA:19,1
DA:20,1
DA:21,1
DA:22,1
DA:23,1
DA:24,1
DA:25,1
DA:26,1
DA:27,1
DA:28,1
DA:29,1
DA:30,1
DA:31,1
DA:32,1
DA:33,1
DA:34,1
DA:35,1
DA:36,1
DA:37,1
DA:39,1
DA:40,1
DA:41,1
DA:42,1
DA:43,1
DA:44,1
DA:45,1
DA:46,1
DA:47,1
DA:48,1
DA:49,1
DA:50,1
DA:51,1
DA:52,1
DA:53,1
DA:54,1
DA:55,1
DA:56,1
DA:57,1
DA:58,1
DA:59,1
DA:60,1
DA:61,1
BRF:0
BRH:0
LF:60
LH:60
end_of_record
SF:/Users/jorge/Desktop/Projects/Server/Swift/Test/Library/APIs/DatasourcesApi/Sources/DatasourceRepository.swift
FN:37,$s13DatasourceApi0A14RepositoryImplC18datasourceDatabaseAC9FluentKit0F0_p_tcfc
FN:51,$s13DatasourceApi0A14RepositoryImplC8retrieveSayAA0A0CGyYaKF
FN:55,$s13DatasourceApi0A14RepositoryImplC8retrieveSayAA0A0CGyYaKFAF0A8Database0A3DTOCKcfu_
FNDA:0,$s13DatasourceApi0A14RepositoryImplC18datasourceDatabaseAC9FluentKit0F0_p_tcfc
FNDA:0,$s13DatasourceApi0A14RepositoryImplC8retrieveSayAA0A0CGyYaKF
FNDA:0,$s13DatasourceApi0A14RepositoryImplC8retrieveSayAA0A0CGyYaKFAF0A8Database0A3DTOCKcfu_
FNF:3
FNH:0
DA:37,0
DA:38,0
DA:39,0
DA:51,0
DA:52,0
DA:53,0
DA:54,0
DA:55,0
DA:56,0
DA:57,0
DA:58,0
DA:59,0
BRF:0
BRH:0
LF:13
LH:0
end_of_record
SF:/Users/jorge/Desktop/Projects/Server/Swift/Test/Library/APIs/DatasourcesApi/Sources/Models/Datasource/Datasource.swift
FN:55,$s13DatasourceApi0A0C4fromyAC0A8Database0A3DTOCKFZ
FN:58,$s13DatasourceApi0A0C4fromyAC0A8Database0A3DTOCKFZAC18AuthenticationTypeOyKXEfu_
FN:87,$s13DatasourceApi0A0C2id18authenticationType9createdAt7logoURL4name07updatedG03urlAC10Foundation4UUIDV_AC014AuthenticationE0OAK4DateVSgAK0I0VSSArTtcfc
FNDA:0,$s13DatasourceApi0A0C4fromyAC0A8Database0A3DTOCKFZ
FNDA:0,$s13DatasourceApi0A0C4fromyAC0A8Database0A3DTOCKFZAC18AuthenticationTypeOyKXEfu_
FNDA:0,$s13DatasourceApi0A0C2id18authenticationType9createdAt7logoURL4name07updatedG03urlAC10Foundation4UUIDV_AC014AuthenticationE0OAK4DateVSgAK0I0VSSArTtcfc
FNF:3
FNH:0
DA:55,0
DA:56,0
DA:57,0
DA:58,0
DA:59,0
DA:60,0
DA:61,0
DA:62,0
DA:63,0
DA:64,0
DA:65,0
DA:87,0
DA:88,0
DA:89,0
DA:90,0
DA:91,0
DA:92,0
DA:93,0
DA:94,0
DA:95,0
DA:96,0
BRF:0
BRH:0
LF:22
LH:0
end_of_record
SF:/Users/jorge/Desktop/Projects/Server/Swift/Test/Library/APIs/DatasourcesApi/Tests/DatasourceRepositoryTests.swift
FN:14,$s18DatasourceApiTests0a10RepositoryC0C56testThatConfirmForgotPasswordShouldPassCorrectParametersyyYaKF
FN:15,$s18DatasourceApiTests0a10RepositoryC0C56testThatConfirmForgotPasswordShouldPassCorrectParametersyyYaKFSiyKXEfu_
FN:15,$s18DatasourceApiTests0a10RepositoryC0C56testThatConfirmForgotPasswordShouldPassCorrectParametersyyYaKFSiyKXEfu0_
FNDA:0,$s18DatasourceApiTests0a10RepositoryC0C56testThatConfirmForgotPasswordShouldPassCorrectParametersyyYaKF
FNDA:0,$s18DatasourceApiTests0a10RepositoryC0C56testThatConfirmForgotPasswordShouldPassCorrectParametersyyYaKFSiyKXEfu_
FNDA:0,$s18DatasourceApiTests0a10RepositoryC0C56testThatConfirmForgotPasswordShouldPassCorrectParametersyyYaKFSiyKXEfu0_
FNF:3
FNH:0
DA:14,0
DA:15,0
DA:16,0
BRF:0
BRH:0
LF:5
LH:0
end_of_record
SF:/Users/jorge/Desktop/Projects/Server/Swift/Test/Library/APIs/UserApi/Sources/Models/User/User.swift
FN:54,$s7UserApi0A0V4fromyAC0A8Database0A3DTOCKFZ
FN:89,$s7UserApi0A0V2id11countryCode9createdAt5email9firstName04lastJ05phone07updatedG0AC10Foundation4UUIDV_SSAL4DateVSgS4SAQtcfC
FNDA:0,$s7UserApi0A0V4fromyAC0A8Database0A3DTOCKFZ
FNDA:0,$s7UserApi0A0V2id11countryCode9createdAt5email9firstName04lastJ05phone07updatedG0AC10Foundation4UUIDV_SSAL4DateVSgS4SAQtcfC
FNF:2
FNH:0
DA:54,0
DA:55,0
DA:56,0
DA:57,0
DA:58,0
DA:59,0
DA:60,0
DA:61,0
DA:62,0
DA:63,0
DA:64,0
DA:65,0
DA:89,0
DA:90,0
DA:91,0
DA:92,0
DA:93,0
DA:94,0
DA:95,0
DA:96,0
DA:97,0
DA:98,0
DA:99,0
BRF:0
BRH:0
LF:23
LH:0
end_of_record
SF:/Users/jorge/Desktop/Projects/Server/Swift/Test/Library/APIs/UserApi/Sources/Repositories/User/UserRepository.swift
FN:30,$s7UserApi0A14RepositoryImplC12userDatabaseAC9FluentKit0F0_p_tcfc
FN:41,$s7UserApi0A14RepositoryImplC4find2byAA0A0VSS_tYaKF
FNDA:0,$s7UserApi0A14RepositoryImplC12userDatabaseAC9FluentKit0F0_p_tcfc
FNDA:0,$s7UserApi0A14RepositoryImplC4find2byAA0A0VSS_tYaKF
FNF:2
FNH:0
DA:30,0
DA:31,0
DA:32,0
DA:41,0
DA:42,0
DA:43,0
DA:44,0
DA:45,0
DA:46,0
DA:47,0
DA:48,0
DA:49,0
DA:50,0
DA:51,0
DA:52,0
DA:53,0
DA:54,0
DA:55,0
DA:56,0
BRF:0
BRH:0
LF:19
LH:0
end_of_record
SF:/Users/jorge/Desktop/Projects/Server/Swift/Test/Library/APIs/UserApi/Tests/Models/User/UserTests.swift
FN:14,$s12UserApiTests0aC0C5setUpyyF
FN:18,$s12UserApiTests0aC0C8tearDownyyF
FN:24,$s12UserApiTests0aC0C08testThatA14InitializationyyF
FN:48,$s12UserApiTests0aC0C08testThatA14InitializationyyF10Foundation4UUIDVyKXEfu_
FN:48,$s12UserApiTests0aC0C08testThatA14InitializationyyF10Foundation4UUIDVyKXEfu0_
FN:49,$s12UserApiTests0aC0C08testThatA14InitializationyyFSSyKXEfu1_
FN:49,$s12UserApiTests0aC0C08testThatA14InitializationyyFSSyKXEfu2_
FN:50,$s12UserApiTests0aC0C08testThatA14InitializationyyF10Foundation4DateVSgyKXEfu3_
FN:50,$s12UserApiTests0aC0C08testThatA14InitializationyyF10Foundation4DateVSgyKXEfu4_
FN:51,$s12UserApiTests0aC0C08testThatA14InitializationyyFSSyKXEfu5_
FN:51,$s12UserApiTests0aC0C08testThatA14InitializationyyFSSyKXEfu6_
FN:52,$s12UserApiTests0aC0C08testThatA14InitializationyyFSSyKXEfu7_
FN:52,$s12UserApiTests0aC0C08testThatA14InitializationyyFSSyKXEfu8_
FN:53,$s12UserApiTests0aC0C08testThatA14InitializationyyFSSyKXEfu9_
FN:53,$s12UserApiTests0aC0C08testThatA14InitializationyyFSSyKXEfu10_
FN:54,$s12UserApiTests0aC0C08testThatA14InitializationyyFSSyKXEfu11_
FN:54,$s12UserApiTests0aC0C08testThatA14InitializationyyFSSyKXEfu12_
FN:55,$s12UserApiTests0aC0C08testThatA14InitializationyyF10Foundation4DateVSgyKXEfu13_
FN:55,$s12UserApiTests0aC0C08testThatA14InitializationyyF10Foundation4DateVSgyKXEfu14_
FN:58,$s12UserApiTests0aC0C08testThatA7FromDTOyyKF
FN:73,$s12UserApiTests0aC0C08testThatA7FromDTOyyKF10Foundation4UUIDVyKXEfu_
FN:73,$s12UserApiTests0aC0C08testThatA7FromDTOyyKF10Foundation4UUIDVyKXEfu0_
FN:74,$s12UserApiTests0aC0C08testThatA7FromDTOyyKFSSyKXEfu1_
FN:74,$s12UserApiTests0aC0C08testThatA7FromDTOyyKFSSyKXEfu2_
FN:75,$s12UserApiTests0aC0C08testThatA7FromDTOyyKF10Foundation4DateVSgyKXEfu3_
FN:75,$s12UserApiTests0aC0C08testThatA7FromDTOyyKF10Foundation4DateVSgyKXEfu4_
FN:76,$s12UserApiTests0aC0C08testThatA7FromDTOyyKFSSyKXEfu5_
FN:76,$s12UserApiTests0aC0C08testThatA7FromDTOyyKFSSyKXEfu6_
FN:77,$s12UserApiTests0aC0C08testThatA7FromDTOyyKFSSyKXEfu7_
FN:77,$s12UserApiTests0aC0C08testThatA7FromDTOyyKFSSyKXEfu8_
FN:78,$s12UserApiTests0aC0C08testThatA7FromDTOyyKFSSyKXEfu9_
FN:78,$s12UserApiTests0aC0C08testThatA7FromDTOyyKFSSyKXEfu10_
FN:79,$s12UserApiTests0aC0C08testThatA7FromDTOyyKFSSyKXEfu11_
FN:79,$s12UserApiTests0aC0C08testThatA7FromDTOyyKFSSyKXEfu12_
FN:80,$s12UserApiTests0aC0C08testThatA7FromDTOyyKF10Foundation4DateVSgyKXEfu13_
FN:80,$s12UserApiTests0aC0C08testThatA7FromDTOyyKF10Foundation4DateVSgyKXEfu14_
FNDA:0,$s12UserApiTests0aC0C5setUpyyF
FNDA:0,$s12UserApiTests0aC0C8tearDownyyF
FNDA:0,$s12UserApiTests0aC0C08testThatA14InitializationyyF
FNDA:0,$s12UserApiTests0aC0C08testThatA14InitializationyyF10Foundation4UUIDVyKXEfu_
FNDA:0,$s12UserApiTests0aC0C08testThatA14InitializationyyF10Foundation4UUIDVyKXEfu0_
FNDA:0,$s12UserApiTests0aC0C08testThatA14InitializationyyFSSyKXEfu1_
FNDA:0,$s12UserApiTests0aC0C08testThatA14InitializationyyFSSyKXEfu2_
FNDA:0,$s12UserApiTests0aC0C08testThatA14InitializationyyF10Foundation4DateVSgyKXEfu3_
FNDA:0,$s12UserApiTests0aC0C08testThatA14InitializationyyF10Foundation4DateVSgyKXEfu4_
FNDA:0,$s12UserApiTests0aC0C08testThatA14InitializationyyFSSyKXEfu5_
FNDA:0,$s12UserApiTests0aC0C08testThatA14InitializationyyFSSyKXEfu6_
FNDA:0,$s12UserApiTests0aC0C08testThatA14InitializationyyFSSyKXEfu7_
FNDA:0,$s12UserApiTests0aC0C08testThatA14InitializationyyFSSyKXEfu8_
FNDA:0,$s12UserApiTests0aC0C08testThatA14InitializationyyFSSyKXEfu9_
FNDA:0,$s12UserApiTests0aC0C08testThatA14InitializationyyFSSyKXEfu10_
FNDA:0,$s12UserApiTests0aC0C08testThatA14InitializationyyFSSyKXEfu11_
FNDA:0,$s12UserApiTests0aC0C08testThatA14InitializationyyFSSyKXEfu12_
FNDA:0,$s12UserApiTests0aC0C08testThatA14InitializationyyF10Foundation4DateVSgyKXEfu13_
FNDA:0,$s12UserApiTests0aC0C08testThatA14InitializationyyF10Foundation4DateVSgyKXEfu14_
FNDA:0,$s12UserApiTests0aC0C08testThatA7FromDTOyyKF
FNDA:0,$s12UserApiTests0aC0C08testThatA7FromDTOyyKF10Foundation4UUIDVyKXEfu_
FNDA:0,$s12UserApiTests0aC0C08testThatA7FromDTOyyKF10Foundation4UUIDVyKXEfu0_
FNDA:0,$s12UserApiTests0aC0C08testThatA7FromDTOyyKFSSyKXEfu1_
FNDA:0,$s12UserApiTests0aC0C08testThatA7FromDTOyyKFSSyKXEfu2_
FNDA:0,$s12UserApiTests0aC0C08testThatA7FromDTOyyKF10Foundation4DateVSgyKXEfu3_
FNDA:0,$s12UserApiTests0aC0C08testThatA7FromDTOyyKF10Foundation4DateVSgyKXEfu4_
FNDA:0,$s12UserApiTests0aC0C08testThatA7FromDTOyyKFSSyKXEfu5_
FNDA:0,$s12UserApiTests0aC0C08testThatA7FromDTOyyKFSSyKXEfu6_
FNDA:0,$s12UserApiTests0aC0C08testThatA7FromDTOyyKFSSyKXEfu7_
FNDA:0,$s12UserApiTests0aC0C08testThatA7FromDTOyyKFSSyKXEfu8_
FNDA:0,$s12UserApiTests0aC0C08testThatA7FromDTOyyKFSSyKXEfu9_
FNDA:0,$s12UserApiTests0aC0C08testThatA7FromDTOyyKFSSyKXEfu10_
FNDA:0,$s12UserApiTests0aC0C08testThatA7FromDTOyyKFSSyKXEfu11_
FNDA:0,$s12UserApiTests0aC0C08testThatA7FromDTOyyKFSSyKXEfu12_
FNDA:0,$s12UserApiTests0aC0C08testThatA7FromDTOyyKF10Foundation4DateVSgyKXEfu13_
FNDA:0,$s12UserApiTests0aC0C08testThatA7FromDTOyyKF10Foundation4DateVSgyKXEfu14_
FNF:36
FNH:0
DA:14,0
DA:15,0
DA:16,0
DA:18,0
DA:19,0
DA:20,0
DA:24,0
DA:25,0
DA:26,0
DA:27,0
DA:28,0
DA:29,0
DA:30,0
DA:31,0
DA:32,0
DA:33,0
DA:34,0
DA:35,0
DA:36,0
DA:37,0
DA:38,0
DA:39,0
DA:40,0
DA:41,0
DA:42,0
DA:43,0
DA:44,0
DA:45,0
DA:46,0
DA:47,0
DA:48,0
DA:49,0
DA:50,0
DA:51,0
DA:52,0
DA:53,0
DA:54,0
DA:55,0
DA:56,0
DA:58,0
DA:59,0
DA:60,0
DA:61,0
DA:62,0
DA:63,0
DA:64,0
DA:65,0
DA:66,0
DA:67,0
DA:68,0
DA:69,0
DA:70,0
DA:71,0
DA:72,0
DA:73,0
DA:74,0
DA:75,0
DA:76,0
DA:77,0
DA:78,0
DA:79,0
DA:80,0
DA:81,0
BRF:0
BRH:0
LF:95
LH:0
end_of_record
SF:/Users/jorge/Desktop/Projects/Server/Swift/Test/Library/APIs/UserApi/Tests/Repositories/User/UserRepositoryTests.swift
FN:21,$s12UserApiTests0a10RepositoryC0C14setUpWithErroryyKF
FN:25,$s12UserApiTests0a10RepositoryC0C17tearDownWithErroryyKF
FN:34,$s12UserApiTests0a10RepositoryC0C25testThatFindShouldSuccessyyYaKF
FN:43,$s12UserApiTests0a10RepositoryC0C25testThatFindShouldSuccessyyYaKF0aB00A0VyKXEfu_
FN:43,$s12UserApiTests0a10RepositoryC0C25testThatFindShouldSuccessyyYaKF0aB00A0VyKXEfu0_
FN:46,$s12UserApiTests0a10RepositoryC0C044testThatFindShouldThrowANotFoundErrorWhenTheA13DoesNotExistsyyYaKF
FN:59,$s12UserApiTests0a10RepositoryC0C044testThatFindShouldThrowANotFoundErrorWhenTheA13DoesNotExistsyyYaKFSSyKXEfu_
FN:59,$s12UserApiTests0a10RepositoryC0C044testThatFindShouldThrowANotFoundErrorWhenTheA13DoesNotExistsyyYaKFSSyKXEfu0_
FN:60,$s12UserApiTests0a10RepositoryC0C044testThatFindShouldThrowANotFoundErrorWhenTheA13DoesNotExistsyyYaKFSSyKXEfu1_
FN:60,$s12UserApiTests0a10RepositoryC0C044testThatFindShouldThrowANotFoundErrorWhenTheA13DoesNotExistsyyYaKFSSyKXEfu2_
FN:61,$s12UserApiTests0a10RepositoryC0C044testThatFindShouldThrowANotFoundErrorWhenTheA13DoesNotExistsyyYaKF8NIOHTTP118HTTPResponseStatusOyKXEfu3_
FN:61,$s12UserApiTests0a10RepositoryC0C044testThatFindShouldThrowANotFoundErrorWhenTheA13DoesNotExistsyyYaKF8NIOHTTP118HTTPResponseStatusOyKXEfu4_
FNDA:0,$s12UserApiTests0a10RepositoryC0C14setUpWithErroryyKF
FNDA:0,$s12UserApiTests0a10RepositoryC0C17tearDownWithErroryyKF
FNDA:0,$s12UserApiTests0a10RepositoryC0C25testThatFindShouldSuccessyyYaKF
FNDA:0,$s12UserApiTests0a10RepositoryC0C25testThatFindShouldSuccessyyYaKF0aB00A0VyKXEfu_
FNDA:0,$s12UserApiTests0a10RepositoryC0C25testThatFindShouldSuccessyyYaKF0aB00A0VyKXEfu0_
FNDA:0,$s12UserApiTests0a10RepositoryC0C044testThatFindShouldThrowANotFoundErrorWhenTheA13DoesNotExistsyyYaKF
FNDA:0,$s12UserApiTests0a10RepositoryC0C044testThatFindShouldThrowANotFoundErrorWhenTheA13DoesNotExistsyyYaKFSSyKXEfu_
FNDA:0,$s12UserApiTests0a10RepositoryC0C044testThatFindShouldThrowANotFoundErrorWhenTheA13DoesNotExistsyyYaKFSSyKXEfu0_
FNDA:0,$s12UserApiTests0a10RepositoryC0C044testThatFindShouldThrowANotFoundErrorWhenTheA13DoesNotExistsyyYaKFSSyKXEfu1_
FNDA:0,$s12UserApiTests0a10RepositoryC0C044testThatFindShouldThrowANotFoundErrorWhenTheA13DoesNotExistsyyYaKFSSyKXEfu2_
FNDA:0,$s12UserApiTests0a10RepositoryC0C044testThatFindShouldThrowANotFoundErrorWhenTheA13DoesNotExistsyyYaKF8NIOHTTP118HTTPResponseStatusOyKXEfu3_
FNDA:0,$s12UserApiTests0a10RepositoryC0C044testThatFindShouldThrowANotFoundErrorWhenTheA13DoesNotExistsyyYaKF8NIOHTTP118HTTPResponseStatusOyKXEfu4_
FNF:12
FNH:0
DA:21,0
DA:22,0
DA:23,0
DA:25,0
DA:26,0
DA:27,0
DA:28,0
DA:29,0
DA:30,0
DA:34,0
DA:35,0
DA:36,0
DA:37,0
DA:38,0
DA:39,0
DA:40,0
DA:41,0
DA:42,0
DA:43,0
DA:44,0
DA:46,0
DA:47,0
DA:48,0
DA:49,0
DA:50,0
DA:51,0
DA:52,0
DA:53,0
DA:54,0
DA:55,0
DA:56,0
DA:57,0
DA:58,0
DA:59,0
DA:60,0
DA:61,0
DA:62,0
BRF:0
BRH:0
LF:45
LH:0
end_of_record
