SF:/Users/jorge/Desktop/Projects/Server/Swift/Test/Library/APIs/AuthenticationApi/Sources/AuthenticationRepository.swift
FN:69,$s17AuthenticationApi0A14RepositoryImplC28cognitoAuthenticatableClient12userDatabaseAC7Cognito0jfG0_p_9FluentKit0I0_ptcfc
FN:80,$s17AuthenticationApi0A14RepositoryImplC21confirmForgotPasswordyyAA07ConfirmfG10ParametersVYaKF
FN:100,$s17AuthenticationApi0A14RepositoryImplC13confirmSignUpyyAA07ConfirmfG10ParametersVYaKF
FN:116,$s17AuthenticationApi0A14RepositoryImplC6decodeyAA18AccessTokenPayloadVSSYaKF
FN:131,$s17AuthenticationApi0A14RepositoryImplC14forgotPassword5emailySS_tYaKF
FN:144,$s17AuthenticationApi0A14RepositoryImplC6signInyAA9AuthTokenVAA04SignF10ParametersVYaKF
FN:151,$s17AuthenticationApi0A14RepositoryImplC6signInyAA9AuthTokenVAA04SignF10ParametersVYaKFs5Error_pyXEfu_
FN:169,$s17AuthenticationApi0A14RepositoryImplC6signUpyyAA04SignF10ParametersVYaKF
FN:195,$s7Utility11ErrorReasonV17AuthenticationApiE10statusCode33_7ECB08403B848D6B3EE19A62B001EFEALL8NIOHTTP118HTTPResponseStatusOvg
FN:216,$ss5ErrorP17AuthenticationApiE07asAbortA033_7ECB08403B848D6B3EE19A62B001EFEALL7Utility06KountyeA0VyF
FNDA:0,$s17AuthenticationApi0A14RepositoryImplC28cognitoAuthenticatableClient12userDatabaseAC7Cognito0jfG0_p_9FluentKit0I0_ptcfc
FNDA:0,$s17AuthenticationApi0A14RepositoryImplC21confirmForgotPasswordyyAA07ConfirmfG10ParametersVYaKF
FNDA:0,$s17AuthenticationApi0A14RepositoryImplC13confirmSignUpyyAA07ConfirmfG10ParametersVYaKF
FNDA:0,$s17AuthenticationApi0A14RepositoryImplC6decodeyAA18AccessTokenPayloadVSSYaKF
FNDA:0,$s17AuthenticationApi0A14RepositoryImplC14forgotPassword5emailySS_tYaKF
FNDA:0,$s17AuthenticationApi0A14RepositoryImplC6signInyAA9AuthTokenVAA04SignF10ParametersVYaKF
FNDA:0,$s17AuthenticationApi0A14RepositoryImplC6signInyAA9AuthTokenVAA04SignF10ParametersVYaKFs5Error_pyXEfu_
FNDA:0,$s17AuthenticationApi0A14RepositoryImplC6signUpyyAA04SignF10ParametersVYaKF
FNDA:0,$s7Utility11ErrorReasonV17AuthenticationApiE10statusCode33_7ECB08403B848D6B3EE19A62B001EFEALL8NIOHTTP118HTTPResponseStatusOvg
FNDA:0,$ss5ErrorP17AuthenticationApiE07asAbortA033_7ECB08403B848D6B3EE19A62B001EFEALL7Utility06KountyeA0VyF
FNF:10
FNH:0
DA:69,0
DA:70,0
DA:71,0
DA:72,0
DA:80,0
DA:81,0
DA:82,0
DA:83,0
DA:84,0
DA:85,0
DA:86,0
DA:87,0
DA:88,0
DA:89,0
DA:90,0
DA:91,0
DA:92,0
DA:93,0
DA:94,0
DA:100,0
DA:101,0
DA:102,0
DA:103,0
DA:104,0
DA:105,0
DA:106,0
DA:107,0
DA:108,0
DA:109,0
DA:116,0
DA:117,0
DA:118,0
DA:119,0
DA:120,0
DA:121,0
DA:122,0
DA:123,0
DA:124,0
DA:131,0
DA:132,0
DA:133,0
DA:134,0
DA:135,0
DA:136,0
DA:137,0
DA:144,0
DA:145,0
DA:146,0
DA:147,0
DA:148,0
DA:149,0
DA:150,0
DA:151,0
DA:152,0
DA:153,0
DA:154,0
DA:155,0
DA:156,0
DA:157,0
DA:158,0
DA:159,0
DA:160,0
DA:161,0
DA:162,0
DA:169,0
DA:170,0
DA:171,0
DA:172,0
DA:173,0
DA:174,0
DA:175,0
DA:176,0
DA:177,0
DA:178,0
DA:179,0
DA:180,0
DA:181,0
DA:182,0
DA:183,0
DA:184,0
DA:185,0
DA:186,0
DA:187,0
DA:188,0
DA:189,0
DA:190,0
DA:195,0
DA:196,0
DA:197,0
DA:198,0
DA:199,0
DA:200,0
DA:201,0
DA:202,0
DA:203,0
DA:204,0
DA:205,0
DA:206,0
DA:207,0
DA:208,0
DA:209,0
DA:210,0
DA:211,0
DA:216,0
DA:217,0
DA:218,0
DA:219,0
DA:220,0
DA:221,0
DA:222,0
BRF:0
BRH:0
LF:111
LH:0
end_of_record
SF:/Users/jorge/Desktop/Projects/Server/Swift/Test/Library/APIs/AuthenticationApi/Sources/Parameters/ConfirmForgotPassword/ConfirmForgotPasswordParameters.swift
FN:27,$s17AuthenticationApi31ConfirmForgotPasswordParametersV11validationsyy5Vapor11ValidationsVzFZ
FNDA:0,$s17AuthenticationApi31ConfirmForgotPasswordParametersV11validationsyy5Vapor11ValidationsVzFZ
FNF:1
FNH:0
DA:27,0
DA:28,0
DA:29,0
DA:30,0
DA:31,0
DA:32,0
DA:33,0
DA:34,0
DA:35,0
DA:36,0
DA:37,0
DA:38,0
DA:39,0
DA:40,0
DA:41,0
DA:42,0
DA:43,0
DA:44,0
DA:45,0
DA:46,0
DA:47,0
DA:48,0
DA:49,0
DA:50,0
DA:51,0
DA:52,0
DA:53,0
DA:54,0
DA:55,0
BRF:0
BRH:0
LF:29
LH:0
end_of_record
SF:/Users/jorge/Desktop/Projects/Server/Swift/Test/Library/APIs/AuthenticationApi/Sources/Parameters/ForgotPassword/ForgotPasswordParameters.swift
FN:18,$s17AuthenticationApi24ForgotPasswordParametersV11validationsyy5Vapor11ValidationsVzFZ
FNDA:0,$s17AuthenticationApi24ForgotPasswordParametersV11validationsyy5Vapor11ValidationsVzFZ
FNF:1
FNH:0
DA:18,0
DA:19,0
DA:20,0
DA:21,0
DA:22,0
DA:23,0
DA:24,0
DA:25,0
BRF:0
BRH:0
LF:8
LH:0
end_of_record
SF:/Users/jorge/Desktop/Projects/Server/Swift/Test/Library/APIs/AuthenticationApi/Sources/Parameters/SignIn/SignInParameters.swift
FN:21,$s17AuthenticationApi16SignInParametersV11validationsyy5Vapor11ValidationsVzFZ
FNDA:2,$s17AuthenticationApi16SignInParametersV11validationsyy5Vapor11ValidationsVzFZ
FNF:1
FNH:1
DA:21,2
DA:22,2
DA:23,2
DA:24,2
DA:25,2
DA:26,2
DA:27,2
DA:28,2
DA:29,2
DA:30,2
DA:31,2
DA:32,2
DA:33,2
DA:34,2
DA:35,2
BRF:0
BRH:0
LF:15
LH:15
end_of_record
SF:/Users/jorge/Desktop/Projects/Server/Swift/Test/Library/APIs/AuthenticationApi/Sources/Parameters/SignUp/ConfirmSignUpParameters.swift
FN:21,$s17AuthenticationApi23ConfirmSignUpParametersV11validationsyy5Vapor11ValidationsVzFZ
FNDA:0,$s17AuthenticationApi23ConfirmSignUpParametersV11validationsyy5Vapor11ValidationsVzFZ
FNF:1
FNH:0
DA:21,0
DA:22,0
DA:23,0
DA:24,0
DA:25,0
DA:26,0
DA:27,0
DA:28,0
DA:29,0
DA:30,0
DA:31,0
DA:32,0
DA:33,0
DA:34,0
DA:35,0
BRF:0
BRH:0
LF:15
LH:0
end_of_record
SF:/Users/jorge/Desktop/Projects/Server/Swift/Test/Library/APIs/AuthenticationApi/Sources/Parameters/SignUp/SignUpParameters.swift
FN:33,$s17AuthenticationApi16SignUpParametersV11validationsyy5Vapor11ValidationsVzFZ
FNDA:0,$s17AuthenticationApi16SignUpParametersV11validationsyy5Vapor11ValidationsVzFZ
FNF:1
FNH:0
DA:33,0
DA:34,0
DA:35,0
DA:36,0
DA:37,0
DA:38,0
DA:39,0
DA:40,0
DA:41,0
DA:42,0
DA:43,0
DA:44,0
DA:45,0
DA:46,0
DA:47,0
DA:48,0
DA:49,0
DA:50,0
DA:51,0
DA:52,0
DA:53,0
DA:54,0
DA:55,0
DA:56,0
DA:57,0
DA:58,0
DA:59,0
DA:60,0
DA:61,0
DA:62,0
DA:63,0
DA:64,0
DA:65,0
DA:66,0
DA:67,0
DA:68,0
BRF:0
BRH:0
LF:36
LH:0
end_of_record
SF:/Users/jorge/Desktop/Projects/Server/Swift/Test/Library/APIs/AuthenticationApi/Sources/Validators/Password/PasswordValidatorResult.swift
FN:13,$s17AuthenticationApi23PasswordValidatorResultV9isFailureSbvg
FN:18,$s17AuthenticationApi23PasswordValidatorResultV18successDescriptionSSSgvg
FN:23,$s17AuthenticationApi23PasswordValidatorResultV18failureDescriptionSSSgvg
FN:30,$s5Vapor9ValidatorV17AuthenticationApiSSRszrlE15isValidPasswordACySSGvgZ
FN:31,$s5Vapor9ValidatorV17AuthenticationApiSSRszrlE15isValidPasswordACySSGvgZAA0B6Result_pSSYbcfU_
FNDA:0,$s17AuthenticationApi23PasswordValidatorResultV9isFailureSbvg
FNDA:0,$s17AuthenticationApi23PasswordValidatorResultV18successDescriptionSSSgvg
FNDA:0,$s17AuthenticationApi23PasswordValidatorResultV18failureDescriptionSSSgvg
FNDA:0,$s5Vapor9ValidatorV17AuthenticationApiSSRszrlE15isValidPasswordACySSGvgZ
FNDA:0,$s5Vapor9ValidatorV17AuthenticationApiSSRszrlE15isValidPasswordACySSGvgZAA0B6Result_pSSYbcfU_
FNF:5
FNH:0
DA:13,0
DA:14,0
DA:15,0
DA:18,0
DA:19,0
DA:20,0
DA:23,0
DA:24,0
DA:25,0
DA:30,0
DA:31,0
DA:32,0
DA:33,0
DA:34,0
DA:35,0
DA:36,0
DA:37,0
DA:38,0
DA:39,0
DA:40,0
DA:41,0
DA:42,0
DA:43,0
DA:44,0
BRF:0
BRH:0
LF:37
LH:0
end_of_record
